<?xml version="1.0" encoding="UTF-8"?>
<!-- Generated by org.testng.reporters.JUnitReportReporter -->
<testsuite skipped="0" hostname="Pinku" name="cucumber.TestNGTestRunner" tests="1" failures="0" timestamp="2024-07-31T01:46:40 IST" time="21.615" errors="0">
  <testcase name="runScenario" time="21.615" classname="cucumber.TestNGTestRunner"/>
  <system-out/>
</testsuite> <!-- cucumber.TestNGTestRunner -->
