<?xml version="1.0" encoding="UTF-8"?>
<!-- Generated by org.testng.reporters.JUnitReportReporter -->
<testsuite skipped="0" hostname="Pinku" name="subhankar.SeleniumFrameworkDesign.tests.SubmitOrderTest" tests="3" failures="0" timestamp="2024-07-29T02:03:44 IST" time="36.889" errors="0">
  <testcase name="submitOrderTest" time="7.380" classname="subhankar.SeleniumFrameworkDesign.tests.SubmitOrderTest"/>
  <system-out/>
  <testcase name="orderHistoryTest" time="7.263" classname="subhankar.SeleniumFrameworkDesign.tests.SubmitOrderTest"/>
  <system-out/>
  <testcase name="submitOrderTest" time="22.246" classname="subhankar.SeleniumFrameworkDesign.tests.SubmitOrderTest"/>
  <system-out/>
</testsuite> <!-- subhankar.SeleniumFrameworkDesign.tests.SubmitOrderTest -->
