<?xml version="1.0" encoding="UTF-8"?>
<!-- Generated by org.testng.reporters.JUnitReportReporter -->
<testsuite skipped="0" hostname="Pinku" name="cucumber.TestNGTestRunner" tests="1" failures="0" timestamp="2024-07-31T02:24:57 IST" time="24.784" errors="0">
  <testcase name="runScenario" time="24.784" classname="cucumber.TestNGTestRunner"/>
  <system-out/>
</testsuite> <!-- cucumber.TestNGTestRunner -->
